
*** Running vivado
    with args -log fir.vds -m64 -product Vivado -mode batch -messageDb vivado.pb -notrace -source fir.tcl


****** Vivado v2022.1 (64-bit)
  **** SW Build 3526262 on Mon Apr 18 15:47:01 MDT 2022
  **** IP Build 3524634 on Mon Apr 18 20:55:01 MDT 2022
    ** Copyright 1986-2022 Xilinx, Inc. All Rights Reserved.

source fir.tcl -notrace
Command: read_checkpoint -auto_incremental -incremental /home/ubuntu/Desktop/soc_lab/lab3/vivado/vivado.srcs/utils_1/imports/synth_1/fir.dcp
INFO: [Vivado 12-5825] Read reference checkpoint from /home/ubuntu/Desktop/soc_lab/lab3/vivado/vivado.srcs/utils_1/imports/synth_1/fir.dcp for incremental synthesis
INFO: [Vivado 12-7989] Please ensure there are no constraint changes
Command: synth_design -top fir -part xc7z020clg400-1
Starting synth_design
Attempting to get a license for feature 'Synthesis' and/or device 'xc7z020'
INFO: [Common 17-349] Got license for feature 'Synthesis' and/or device 'xc7z020'
INFO: [Designutils 20-5440] No compile time benefit to using incremental synthesis; A full resynthesis will be run
INFO: [Designutils 20-4379] Flow is switching to default flow due to incremental criteria not met. If you would like to alter this behaviour and have the flow terminate instead, please set the following parameter config_implementation {autoIncr.Synth.RejectBehavior Terminate}
INFO: [Synth 8-7079] Multithreading enabled for synth_design using a maximum of 4 processes.
INFO: [Synth 8-7078] Launching helper process for spawning children vivado processes
INFO: [Synth 8-7075] Helper process launched with PID 17477
WARNING: [Synth 8-9449] extra semicolon is not allowed here in this dialect. Use SystemVerilog mode [/home/ubuntu/Desktop/soc_lab/lab3/vivado/vivado.srcs/sources_1/imports/lab3/fir.v:106]
---------------------------------------------------------------------------------
Starting Synthesize : Time (s): cpu = 00:00:03 ; elapsed = 00:00:03 . Memory (MB): peak = 2903.078 ; gain = 0.000 ; free physical = 419 ; free virtual = 3932
---------------------------------------------------------------------------------
INFO: [Synth 8-6157] synthesizing module 'fir' [/home/ubuntu/Desktop/soc_lab/lab3/vivado/vivado.srcs/sources_1/imports/lab3/fir.v:1]
INFO: [Synth 8-6157] synthesizing module 'axilite' [/home/ubuntu/Desktop/soc_lab/lab3/vivado/vivado.srcs/sources_1/imports/lab3/axilite.v:23]
INFO: [Synth 8-155] case statement is not full and has no default [/home/ubuntu/Desktop/soc_lab/lab3/vivado/vivado.srcs/sources_1/imports/lab3/axilite.v:123]
INFO: [Synth 8-6155] done synthesizing module 'axilite' (0#1) [/home/ubuntu/Desktop/soc_lab/lab3/vivado/vivado.srcs/sources_1/imports/lab3/axilite.v:23]
INFO: [Synth 8-6157] synthesizing module 'axi_stream' [/home/ubuntu/Desktop/soc_lab/lab3/vivado/vivado.srcs/sources_1/imports/lab3/axi_stream.v:23]
INFO: [Synth 8-155] case statement is not full and has no default [/home/ubuntu/Desktop/soc_lab/lab3/vivado/vivado.srcs/sources_1/imports/lab3/axi_stream.v:79]
INFO: [Synth 8-6155] done synthesizing module 'axi_stream' (0#1) [/home/ubuntu/Desktop/soc_lab/lab3/vivado/vivado.srcs/sources_1/imports/lab3/axi_stream.v:23]
INFO: [Synth 8-6155] done synthesizing module 'fir' (0#1) [/home/ubuntu/Desktop/soc_lab/lab3/vivado/vivado.srcs/sources_1/imports/lab3/fir.v:1]
WARNING: [Synth 8-7129] Port ss_tlast in module axi_stream is either unconnected or has no load
---------------------------------------------------------------------------------
Finished Synthesize : Time (s): cpu = 00:00:04 ; elapsed = 00:00:05 . Memory (MB): peak = 2903.078 ; gain = 0.000 ; free physical = 1454 ; free virtual = 4968
---------------------------------------------------------------------------------
---------------------------------------------------------------------------------
Finished Constraint Validation : Time (s): cpu = 00:00:05 ; elapsed = 00:00:05 . Memory (MB): peak = 2903.078 ; gain = 0.000 ; free physical = 1507 ; free virtual = 5021
---------------------------------------------------------------------------------
---------------------------------------------------------------------------------
Start Loading Part and Timing Information
---------------------------------------------------------------------------------
Loading part: xc7z020clg400-1
---------------------------------------------------------------------------------
Finished Loading Part and Timing Information : Time (s): cpu = 00:00:05 ; elapsed = 00:00:05 . Memory (MB): peak = 2911.082 ; gain = 8.004 ; free physical = 1504 ; free virtual = 5018
---------------------------------------------------------------------------------
INFO: [Device 21-403] Loading part xc7z020clg400-1
INFO: [Synth 8-802] inferred FSM for state register 'state_reg' in module 'axilite'
INFO: [Synth 8-802] inferred FSM for state register 'state_reg' in module 'axi_stream'
---------------------------------------------------------------------------------------------------
                   State |                     New Encoding |                Previous Encoding 
---------------------------------------------------------------------------------------------------
                    IDLE |                              001 |                               00
                    WAIT |                              100 |                               01
                     CAL |                              010 |                               10
---------------------------------------------------------------------------------------------------
INFO: [Synth 8-3354] encoded FSM with state register 'state_reg' using encoding 'one-hot' in module 'axilite'
---------------------------------------------------------------------------------------------------
                   State |                     New Encoding |                Previous Encoding 
---------------------------------------------------------------------------------------------------
                    IDLE |                               00 |                               00
                    INIT |                               01 |                               01
                    WAIT |                               10 |                               10
---------------------------------------------------------------------------------------------------
INFO: [Synth 8-3354] encoded FSM with state register 'state_reg' using encoding 'sequential' in module 'axi_stream'
---------------------------------------------------------------------------------
Finished RTL Optimization Phase 2 : Time (s): cpu = 00:00:05 ; elapsed = 00:00:05 . Memory (MB): peak = 2911.082 ; gain = 8.004 ; free physical = 1463 ; free virtual = 4978
---------------------------------------------------------------------------------
No constraint files found.
---------------------------------------------------------------------------------
Start RTL Component Statistics 
---------------------------------------------------------------------------------
Detailed RTL Component Info : 
+---Adders : 
	   2 Input   32 Bit       Adders := 1     
	   2 Input   11 Bit       Adders := 1     
	   2 Input   10 Bit       Adders := 1     
	   2 Input    8 Bit       Adders := 2     
	   2 Input    4 Bit       Adders := 5     
+---Registers : 
	               32 Bit    Registers := 2     
	               10 Bit    Registers := 1     
	                8 Bit    Registers := 1     
	                4 Bit    Registers := 4     
	                3 Bit    Registers := 1     
	                1 Bit    Registers := 2     
+---Multipliers : 
	              32x32  Multipliers := 1     
+---Muxes : 
	   2 Input   32 Bit        Muxes := 4     
	   3 Input   32 Bit        Muxes := 4     
	   8 Input   32 Bit        Muxes := 1     
	   3 Input   12 Bit        Muxes := 2     
	   2 Input   12 Bit        Muxes := 1     
	   8 Input   10 Bit        Muxes := 1     
	   2 Input    8 Bit        Muxes := 4     
	   3 Input    8 Bit        Muxes := 2     
	   3 Input    4 Bit        Muxes := 3     
	   2 Input    4 Bit        Muxes := 7     
	   8 Input    4 Bit        Muxes := 3     
	   3 Input    3 Bit        Muxes := 2     
	   2 Input    3 Bit        Muxes := 6     
	   3 Input    2 Bit        Muxes := 1     
	   2 Input    2 Bit        Muxes := 5     
	   2 Input    1 Bit        Muxes := 1     
	   3 Input    1 Bit        Muxes := 6     
	   8 Input    1 Bit        Muxes := 3     
---------------------------------------------------------------------------------
Finished RTL Component Statistics 
---------------------------------------------------------------------------------
---------------------------------------------------------------------------------
Start Part Resource Summary
---------------------------------------------------------------------------------
Part Resources:
DSPs: 220 (col length:60)
BRAMs: 280 (col length: RAMB18 60 RAMB36 30)
---------------------------------------------------------------------------------
Finished Part Resource Summary
---------------------------------------------------------------------------------
No constraint files found.
---------------------------------------------------------------------------------
Start Cross Boundary and Area Optimization
---------------------------------------------------------------------------------
WARNING: [Synth 8-7080] Parallel synthesis criteria is not met
DSP Report: Generating DSP sum1, operation Mode is: A*B.
DSP Report: operator sum1 is absorbed into DSP sum1.
DSP Report: operator sum1 is absorbed into DSP sum1.
DSP Report: Generating DSP sum1, operation Mode is: (PCIN>>17)+A*B.
DSP Report: operator sum1 is absorbed into DSP sum1.
DSP Report: operator sum1 is absorbed into DSP sum1.
DSP Report: Generating DSP sum1, operation Mode is: A*B.
DSP Report: operator sum1 is absorbed into DSP sum1.
DSP Report: operator sum1 is absorbed into DSP sum1.
DSP Report: Generating DSP sum1, operation Mode is: (PCIN>>17)+A*B.
DSP Report: operator sum1 is absorbed into DSP sum1.
DSP Report: operator sum1 is absorbed into DSP sum1.
WARNING: [Synth 8-3917] design fir has port tap_A[11] driven by constant 0
WARNING: [Synth 8-3917] design fir has port tap_A[10] driven by constant 0
WARNING: [Synth 8-3917] design fir has port tap_A[9] driven by constant 0
WARNING: [Synth 8-3917] design fir has port tap_A[8] driven by constant 0
WARNING: [Synth 8-3917] design fir has port data_A[11] driven by constant 0
WARNING: [Synth 8-3917] design fir has port data_A[10] driven by constant 0
WARNING: [Synth 8-3917] design fir has port data_A[9] driven by constant 0
WARNING: [Synth 8-3917] design fir has port data_A[8] driven by constant 0
WARNING: [Synth 8-3917] design fir has port data_A[7] driven by constant 0
WARNING: [Synth 8-3917] design fir has port data_A[6] driven by constant 0
WARNING: [Synth 8-3917] design fir has port data_A[1] driven by constant 0
WARNING: [Synth 8-3917] design fir has port data_A[0] driven by constant 0
---------------------------------------------------------------------------------
Finished Cross Boundary and Area Optimization : Time (s): cpu = 00:00:10 ; elapsed = 00:00:10 . Memory (MB): peak = 2911.082 ; gain = 8.004 ; free physical = 1188 ; free virtual = 4706
---------------------------------------------------------------------------------
---------------------------------------------------------------------------------
Start ROM, RAM, DSP, Shift Register and Retiming Reporting
---------------------------------------------------------------------------------

DSP: Preliminary Mapping Report (see note below. The ' indicates corresponding REG is set)
+------------+----------------+--------+--------+--------+--------+--------+------+------+------+------+-------+------+------+
|Module Name | DSP Mapping    | A Size | B Size | C Size | D Size | P Size | AREG | BREG | CREG | DREG | ADREG | MREG | PREG | 
+------------+----------------+--------+--------+--------+--------+--------+------+------+------+------+-------+------+------+
|fir         | A*B            | 18     | 16     | -      | -      | 48     | 0    | 0    | -    | -    | -     | 0    | 0    | 
|fir         | (PCIN>>17)+A*B | 16     | 16     | -      | -      | 48     | 0    | 0    | -    | -    | -     | 0    | 0    | 
|fir         | A*B            | 18     | 18     | -      | -      | 48     | 0    | 0    | -    | -    | -     | 0    | 0    | 
|fir         | (PCIN>>17)+A*B | 18     | 16     | -      | -      | 48     | 0    | 0    | -    | -    | -     | 0    | 0    | 
+------------+----------------+--------+--------+--------+--------+--------+------+------+------+------+-------+------+------+

Note: The table above is a preliminary report that shows the DSPs inferred at the current stage of the synthesis flow. Some DSP may be reimplemented as non DSP primitives later in the synthesis flow. Multiple instantiated DSPs are reported only once.
---------------------------------------------------------------------------------
Finished ROM, RAM, DSP, Shift Register and Retiming Reporting
---------------------------------------------------------------------------------
No constraint files found.
---------------------------------------------------------------------------------
Start Timing Optimization
---------------------------------------------------------------------------------
---------------------------------------------------------------------------------
Finished Timing Optimization : Time (s): cpu = 00:00:10 ; elapsed = 00:00:10 . Memory (MB): peak = 2911.082 ; gain = 8.004 ; free physical = 1187 ; free virtual = 4705
---------------------------------------------------------------------------------
---------------------------------------------------------------------------------
Start Technology Mapping
---------------------------------------------------------------------------------
---------------------------------------------------------------------------------
Finished Technology Mapping : Time (s): cpu = 00:00:10 ; elapsed = 00:00:11 . Memory (MB): peak = 2911.082 ; gain = 8.004 ; free physical = 1180 ; free virtual = 4697
---------------------------------------------------------------------------------
---------------------------------------------------------------------------------
Start IO Insertion
---------------------------------------------------------------------------------
---------------------------------------------------------------------------------
Start Flattening Before IO Insertion
---------------------------------------------------------------------------------
---------------------------------------------------------------------------------
Finished Flattening Before IO Insertion
---------------------------------------------------------------------------------
---------------------------------------------------------------------------------
Start Final Netlist Cleanup
---------------------------------------------------------------------------------
---------------------------------------------------------------------------------
Finished Final Netlist Cleanup
---------------------------------------------------------------------------------
---------------------------------------------------------------------------------
Finished IO Insertion : Time (s): cpu = 00:00:13 ; elapsed = 00:00:13 . Memory (MB): peak = 2911.082 ; gain = 8.004 ; free physical = 1180 ; free virtual = 4697
---------------------------------------------------------------------------------
---------------------------------------------------------------------------------
Start Renaming Generated Instances
---------------------------------------------------------------------------------
---------------------------------------------------------------------------------
Finished Renaming Generated Instances : Time (s): cpu = 00:00:13 ; elapsed = 00:00:13 . Memory (MB): peak = 2911.082 ; gain = 8.004 ; free physical = 1180 ; free virtual = 4697
---------------------------------------------------------------------------------
---------------------------------------------------------------------------------
Start Rebuilding User Hierarchy
---------------------------------------------------------------------------------
---------------------------------------------------------------------------------
Finished Rebuilding User Hierarchy : Time (s): cpu = 00:00:13 ; elapsed = 00:00:13 . Memory (MB): peak = 2911.082 ; gain = 8.004 ; free physical = 1180 ; free virtual = 4697
---------------------------------------------------------------------------------
---------------------------------------------------------------------------------
Start Renaming Generated Ports
---------------------------------------------------------------------------------
---------------------------------------------------------------------------------
Finished Renaming Generated Ports : Time (s): cpu = 00:00:13 ; elapsed = 00:00:13 . Memory (MB): peak = 2911.082 ; gain = 8.004 ; free physical = 1180 ; free virtual = 4697
---------------------------------------------------------------------------------
---------------------------------------------------------------------------------
Start Handling Custom Attributes
---------------------------------------------------------------------------------
---------------------------------------------------------------------------------
Finished Handling Custom Attributes : Time (s): cpu = 00:00:13 ; elapsed = 00:00:13 . Memory (MB): peak = 2911.082 ; gain = 8.004 ; free physical = 1180 ; free virtual = 4697
---------------------------------------------------------------------------------
---------------------------------------------------------------------------------
Start Renaming Generated Nets
---------------------------------------------------------------------------------
---------------------------------------------------------------------------------
Finished Renaming Generated Nets : Time (s): cpu = 00:00:13 ; elapsed = 00:00:13 . Memory (MB): peak = 2911.082 ; gain = 8.004 ; free physical = 1180 ; free virtual = 4697
---------------------------------------------------------------------------------
---------------------------------------------------------------------------------
Start Writing Synthesis Report
---------------------------------------------------------------------------------

DSP Final Report (the ' indicates corresponding REG is set)
+------------+--------------+--------+--------+--------+--------+--------+------+------+------+------+-------+------+------+
|Module Name | DSP Mapping  | A Size | B Size | C Size | D Size | P Size | AREG | BREG | CREG | DREG | ADREG | MREG | PREG | 
+------------+--------------+--------+--------+--------+--------+--------+------+------+------+------+-------+------+------+
|fir         | A*B          | 17     | 15     | -      | -      | 48     | 0    | 0    | -    | -    | -     | 0    | 0    | 
|fir         | A*B          | 17     | 17     | -      | -      | 48     | 0    | 0    | -    | -    | -     | 0    | 0    | 
|fir         | PCIN>>17+A*B | 17     | 15     | -      | -      | 48     | 0    | 0    | -    | -    | -     | 0    | 0    | 
+------------+--------------+--------+--------+--------+--------+--------+------+------+------+------+-------+------+------+


Report BlackBoxes: 
+-+--------------+----------+
| |BlackBox name |Instances |
+-+--------------+----------+
+-+--------------+----------+

Report Cell Usage: 
+------+--------+------+
|      |Cell    |Count |
+------+--------+------+
|1     |BUFG    |     1|
|2     |CARRY4  |    13|
|3     |DSP48E1 |     3|
|4     |LUT1    |     1|
|5     |LUT2    |   123|
|6     |LUT3    |    17|
|7     |LUT4    |    60|
|8     |LUT5    |    85|
|9     |LUT6    |    41|
|10    |FDCE    |   100|
|11    |FDPE    |     3|
|12    |IBUF    |   161|
|13    |OBUF    |   169|
+------+--------+------+

Report Instance Areas: 
+------+---------------+-----------+------+
|      |Instance       |Module     |Cells |
+------+---------------+-----------+------+
|1     |top            |           |   777|
|2     |  axi_stream_U |axi_stream |    59|
|3     |  axilite_U    |axilite    |   183|
+------+---------------+-----------+------+
---------------------------------------------------------------------------------
Finished Writing Synthesis Report : Time (s): cpu = 00:00:13 ; elapsed = 00:00:13 . Memory (MB): peak = 2911.082 ; gain = 8.004 ; free physical = 1180 ; free virtual = 4697
---------------------------------------------------------------------------------
Synthesis finished with 0 errors, 0 critical warnings and 15 warnings.
Synthesis Optimization Runtime : Time (s): cpu = 00:00:13 ; elapsed = 00:00:13 . Memory (MB): peak = 2911.082 ; gain = 8.004 ; free physical = 1188 ; free virtual = 4706
Synthesis Optimization Complete : Time (s): cpu = 00:00:13 ; elapsed = 00:00:13 . Memory (MB): peak = 2911.090 ; gain = 8.004 ; free physical = 1188 ; free virtual = 4706
INFO: [Project 1-571] Translating synthesized netlist
Netlist sorting complete. Time (s): cpu = 00:00:00 ; elapsed = 00:00:00 . Memory (MB): peak = 2911.090 ; gain = 0.000 ; free physical = 1266 ; free virtual = 4783
INFO: [Netlist 29-17] Analyzing 16 Unisim elements for replacement
INFO: [Netlist 29-28] Unisim Transformation completed in 0 CPU seconds
INFO: [Project 1-570] Preparing netlist for logic optimization
INFO: [Opt 31-138] Pushed 0 inverter(s) to 0 load pin(s).
Netlist sorting complete. Time (s): cpu = 00:00:00 ; elapsed = 00:00:00 . Memory (MB): peak = 2935.094 ; gain = 0.000 ; free physical = 1182 ; free virtual = 4700
INFO: [Project 1-111] Unisim Transformation Summary:
No Unisim elements were transformed.

Synth Design complete, checksum: b694b6b2
INFO: [Common 17-83] Releasing license: Synthesis
28 Infos, 15 Warnings, 0 Critical Warnings and 0 Errors encountered.
synth_design completed successfully
synth_design: Time (s): cpu = 00:00:19 ; elapsed = 00:00:15 . Memory (MB): peak = 2935.094 ; gain = 32.016 ; free physical = 1389 ; free virtual = 4906
INFO: [Common 17-1381] The checkpoint '/home/ubuntu/Desktop/soc_lab/lab3/vivado/vivado.runs/synth_1/fir.dcp' has been generated.
INFO: [runtcl-4] Executing : report_utilization -file fir_utilization_synth.rpt -pb fir_utilization_synth.pb
INFO: [Common 17-206] Exiting Vivado at Sun Oct 15 18:09:15 2023...
